Array
(
    [username] => 123456
    [email] => 123456@123456
    [password] => 123456
    [confirm_password] => 123456
    [fullname] => 123456
    [address] => 123456
    [gender] => 1
    [birth] => 0567-12-31
    [user_type] => 2
)
Array
(
    [username] => 123456
    [email] => 123456@123456.123456
    [password] => 123456
    [confirm_password] => 123456
    [fullname] => 123456
    [address] => 123456
    [gender] => 1
    [birth] => 0567-12-31
    [user_type] => 2
)
Array
(
    [username] => 123456
    [email] => 123456@123456.123456
    [password] => 123456
    [confirm_password] => 123456
    [fullname] => 123456
    [address] => 123456
    [gender] => 1
    [birth] => 0567-12-31
    [user_type] => 2
)
Array
(
    [username] => 123456
    [email] => 123456@EMAIL.com
    [password] => 123456
    [confirm_password] => 123456
    [fullname] => 123456
    [address] => 123456
    [gender] => 1
    [birth] => 0567-12-31
    [user_type] => 2
)
Array
(
    [username] => 13062025
    [email] => 130620258@gmail.47SA
    [password] => 123456
    [confirm_password] => 123456
    [fullname] => local
    [address] => host
    [gender] => 0
    [birth] => 2002-06-13
    [user_type] => 1
)
Array
(
    [username] => 13062025
    [email] => 130620258@gmail.47SA
    [password] => 123456
    [confirm_password] => 123456
    [fullname] => local
    [address] => host
    [gender] => 0
    [birth] => 2002-06-13
    [user_type] => 1
)
Array
(
    [username] => 13062025
    [email] => 130620258@gmail.com
    [password] => 123456
    [confirm_password] => 123456
    [fullname] => local
    [address] => host
    [gender] => 0
    [birth] => 2002-06-13
    [user_type] => 1
)
Array
(
    [username] => 13062025
    [email] => 130620258@gmail.com
    [password] => 123456
    [confirm_password] => 123456
    [fullname] => local
    [address] => host
    [gender] => 0
    [birth] => 2002-06-13
    [user_type] => 1
)
